warning: unused import: `FileSystem`
 --> src\cmd\mount.rs:1:61
  |
1 | use agentfs_sdk::{error::Error as SdkError, AgentFSOptions, FileSystem};
  |                                                             ^^^^^^^^^^
  |
  = note: `#[warn(unused_imports)]` (part of `#[warn(unused)]`) on by default

warning: unused import: `Context`
 --> src\cmd\mount.rs:2:14
  |
2 | use anyhow::{Context, Result};
  |              ^^^^^^^

warning: unused import: `crate::mount::MountOpts`
  --> src\cmd\mount.rs:20:5
   |
20 | use crate::mount::MountOpts;
   |     ^^^^^^^^^^^^^^^^^^^^^^^

warning: unused variable: `mountpoint`
   --> src\mount\mod.rs:175:16
    |
175 | pub fn unmount(mountpoint: &Path, backend: MountBackend, lazy: bool) -> Result<()> {
    |                ^^^^^^^^^^ help: if this is intentional, prefix it with an underscore: `_mountpoint`
    |
    = note: `#[warn(unused_variables)]` (part of `#[warn(unused)]`) on by default

warning: unused variable: `lazy`
   --> src\mount\mod.rs:175:58
    |
175 | pub fn unmount(mountpoint: &Path, backend: MountBackend, lazy: bool) -> Result<()> {
    |                                                          ^^^^ help: if this is intentional, prefix it with an underscore: `_lazy`

warning: constant `DEFAULT_NFS_PORT` is never used
  --> src\cmd\mount.rs:44:7
   |
44 | const DEFAULT_NFS_PORT: u32 = 11111;
   |       ^^^^^^^^^^^^^^^^
   |
   = note: `#[warn(dead_code)]` (part of `#[warn(unused)]`) on by default

warning: fields `backend` and `lazy_unmount` are never read
  --> src\mount\mod.rs:97:5
   |
95 | pub struct MountHandle {
   |            ----------- fields in this struct
96 |     mountpoint: PathBuf,
97 |     backend: MountBackend,
   |     ^^^^^^^
98 |     lazy_unmount: bool,
   |     ^^^^^^^^^^^^

warning: `agentfs` (lib) generated 7 warnings (run `cargo fix --lib -p agentfs` to apply 5 suggestions)
    Finished `dev` profile [unoptimized + debuginfo] target(s) in 0.28s
     Running `target\debug\agentfs.exe mount .agentfs\win-test-admin5.db C:\mnt\win-test --foreground`
Mounted at C:\mnt\win-test
Press Ctrl+C to unmount and exit.
